
 *How many lines we have and how many characters per each type we replaced: 
----------------------------------------------------------------------------------------------------
 - > Sun Oct  2 07:42:38 PM EEST 2022
 *To be replaced:  * | + | , | - | : | ; | < | = |
 **Characters that were converted:  [*]=4 | [+]=3 | [,]=1 | [-]=1 | [:]=2 | [;]=2 | [<]=1 | [=]=3 |
 ***From file, lines: 20, characters type replaced: 8
----------------------------------------------------------------------------------------------------
 - > Mon Oct  3 12:03:13 AM EEST 2022
 *To be replaced:  * | + | , | - | : | ; | < | = |
 **Characters that were converted:  [*]=4 | [+]=3 | [,]=1 | [-]=1 | [:]=2 | [;]=2 | [<]=1 | [=]=3 |
 ***From file, lines: 20, characters type replaced: 8
----------------------------------------------------------------------------------------------------
 - > Tue Oct  4 12:56:30 PM EEST 2022
 *To be replaced: None
 **Characters that were converted: None
 ***From file, lines: 20, characters type replaced: None
----------------------------------------------------------------------------------------------------
 - > Tue Oct  4 02:45:14 PM EEST 2022
 *To be replaced: None
 **Characters that were converted: None
 ***From file, lines: 20, characters type replaced: None
----------------------------------------------------------------------------------------------------
 - > Tue Oct  4 02:50:13 PM EEST 2022
 *To be replaced: None
 **Characters that were converted: None
 ***From file, lines: 20, characters type replaced: None
----------------------------------------------------------------------------------------------------
 - > Tue Oct  4 08:42:20 PM EEST 2022
 *To be replaced: None
 **Characters that were converted: None
 ***From file, lines: 20, characters type replaced: None
----------------------------------------------------------------------------------------------------
 - > Thu Oct  6 05:51:38 PM EEST 2022
 *To be replaced:  / | = |
 **Characters that were converted:  [*]=1 | [/]=1 | [=]=2 |
 ***From file, lines: 20, characters type replaced: 2
----------------------------------------------------------------------------------------------------
 - > Thu Oct  6 05:57:02 PM EEST 2022
 *To be replaced:  * | = |
 **Characters that were converted:  [*]=1 | [=]=1 |
 ***From file, lines: 20, characters type replaced: 2
----------------------------------------------------------------------------------------------------
 - > Thu Oct  6 05:58:07 PM EEST 2022
 *To be replaced:  * | = |
 **Characters that were converted:  [*]=1 | [=]=1 |
 ***From file, lines: 20, characters type replaced: 2
----------------------------------------------------------------------------------------------------
 - > Thu Oct  6 05:59:58 PM EEST 2022
 *To be replaced:  * | = |
 **Characters that were converted:  [*]=1 | [=]=1 |
 ***From file, lines: 20, characters type replaced: 2
----------------------------------------------------------------------------------------------------
 - > Thu Oct  6 06:02:08 PM EEST 2022
 *To be replaced: None
 **Characters that were converted: None
 ***From file, lines: 20, characters type replaced: None
----------------------------------------------------------------------------------------------------
 - > Thu Oct  6 06:11:02 PM EEST 2022
 *To be replaced:  * | = |
 **Characters that were converted: 
 ***From file, lines: 20, characters type replaced: 2
----------------------------------------------------------------------------------------------------
 - > Thu Oct  6 06:14:28 PM EEST 2022
 *To be replaced:  * | = |
 **Characters that were converted:  [*]=1 | [=]=1 |
 ***From file, lines: 20, characters type replaced: 2
----------------------------------------------------------------------------------------------------
 - > Thu Oct  6 06:16:12 PM EEST 2022
 *To be replaced:  * | = |
 **Characters that were converted:  [*]=1 | [=]=1 |
 ***From file, lines: 20, characters type replaced: 2
----------------------------------------------------------------------------------------------------
 - > Thu Oct  6 06:17:24 PM EEST 2022
 *To be replaced:  * | = |
 **Characters that were converted:  [*]=1 | [=]=1 |
 ***From file, lines: 20, characters type replaced: 2
----------------------------------------------------------------------------------------------------
 - > Thu Oct  6 06:18:12 PM EEST 2022
 *To be replaced:  * | = |
 **Characters that were converted:  [*]=1 | [=]=1 |
 ***From file, lines: 20, characters type replaced: 2
----------------------------------------------------------------------------------------------------
 - > Thu Oct  6 06:21:50 PM EEST 2022
 *To be replaced:  * | / |
 **Characters that were converted:  [*]=1 | [/]=1 |
 ***From file, lines: 20, characters type replaced: 2
----------------------------------------------------------------------------------------------------
 - > Thu Oct  6 06:22:30 PM EEST 2022
 *To be replaced:  * | / |
 **Characters that were converted:  [*]=1 | [/]=1 |
 ***From file, lines: 20, characters type replaced: 2
----------------------------------------------------------------------------------------------------
 - > Thu Oct  6 06:30:18 PM EEST 2022
 *To be replaced:  * | / |
 **Characters that were converted:  [*]=1 | [/]=1 |
 ***From file, lines: 20, characters type replaced: 2
----------------------------------------------------------------------------------------------------
 - > Thu Oct  6 06:31:45 PM EEST 2022
 *To be replaced:  * | , | / | = |
 **Characters that were converted:  [*]=1 | [,]=1 | [/]=1 | [=]=1 |
 ***From file, lines: 20, characters type replaced: 4
----------------------------------------------------------------------------------------------------
 - > Thu Oct  6 06:33:06 PM EEST 2022
 *To be replaced:  * | , | / | = |
 **Characters that were converted:  [*]=1 | [,]=1 | [/]=1 | [=]=1 |
 ***From file, lines: 20, characters type replaced: 4
----------------------------------------------------------------------------------------------------
 - > Thu Oct  6 06:38:38 PM EEST 2022
 *To be replaced:  * | , | / | = |
 **Characters that were converted:  [*]=1 | [,]=1 | [/]=1 | [=]=1 |
 ***From file, lines: 20, characters type replaced: 4
----------------------------------------------------------------------------------------------------
 - > Thu Oct  6 06:39:58 PM EEST 2022
 *To be replaced:  * | , | / | = |
 **Characters that were converted:  [*]=1 | [,]=1 | [/]=1 | [=]=1 |
 ***From file, lines: 20, characters type replaced: 4
----------------------------------------------------------------------------------------------------
 - > Thu Oct  6 06:41:43 PM EEST 2022
 *To be replaced:  * | , | / | = |
 **Characters that were converted:  [*]=1 | [,]=1 | [/]=1 | [=]=1 |
 ***From file, lines: 20, characters type replaced: 4
----------------------------------------------------------------------------------------------------
 - > Thu Oct  6 06:44:51 PM EEST 2022
 *To be replaced:  * | , | / | = |
 **Characters that were converted:  [*]=1 | [,]=1 | [/]=1 | [=]=1 |
 ***From file, lines: 20, characters type replaced: 4
----------------------------------------------------------------------------------------------------
 - > Thu Oct  6 06:50:46 PM EEST 2022
 *To be replaced:  * | , | / | = |
 **Characters that were converted:  [*]=1 | [,]=1 | [/]=1 | [=]=1 |
 ***From file, lines: 20, characters type replaced: 4
----------------------------------------------------------------------------------------------------
 - > Thu Oct  6 06:51:30 PM EEST 2022
 *To be replaced:  * | , | / | = |
 **Characters that were converted:  [*]=1 | [,]=1 | [/]=1 | [=]=1 |
 ***From file, lines: 20, characters type replaced: 4
----------------------------------------------------------------------------------------------------
 - > Thu Oct  6 06:53:08 PM EEST 2022
 *To be replaced:  * | + | < | = | ? |
 **Characters that were converted:  [*]=1 | [+]=1 | [<]=1 | [=]=1 | [?]=1 |
 ***From file, lines: 20, characters type replaced: 5
----------------------------------------------------------------------------------------------------
 - > Thu Oct  6 07:10:32 PM EEST 2022
 *To be replaced:  * | ; | < | = | ? |
 **Characters that were converted:  [*]=1 | [;]=1 | [<]=1 | [=]=1 | [?]=1 |
 ***From file, lines: 20, characters type replaced: 5
----------------------------------------------------------------------------------------------------
 - > Thu Oct  6 07:13:40 PM EEST 2022
 *To be replaced: None
 **Characters that were converted: None
 ***From file, lines: 20, characters type replaced: None
----------------------------------------------------------------------------------------------------
 - > Thu Oct  6 07:16:01 PM EEST 2022
 *To be replaced: None
 **Characters that were converted: None
 ***From file, lines: 20, characters type replaced: None
----------------------------------------------------------------------------------------------------
 - > Thu Oct  6 07:17:21 PM EEST 2022
 *To be replaced: None
 **Characters that were converted: None
 ***From file, lines: 20, characters type replaced: None
----------------------------------------------------------------------------------------------------
 - > Thu Oct  6 07:18:23 PM EEST 2022
 *To be replaced: None
 **Characters that were converted: None
 ***From file, lines: 20, characters type replaced: None
----------------------------------------------------------------------------------------------------
 - > Thu Oct  6 07:18:48 PM EEST 2022
 *To be replaced: None
 **Characters that were converted: None
 ***From file, lines: 20, characters type replaced: None
----------------------------------------------------------------------------------------------------
 - > Thu Oct  6 07:23:58 PM EEST 2022
 *To be replaced: None
 **Characters that were converted: None
 ***From file, lines: 20, characters type replaced: None
----------------------------------------------------------------------------------------------------
 - > Thu Oct  6 07:25:14 PM EEST 2022
 *To be replaced:  + | / | = |
 **Characters that were converted:  [+]=57 | [/]=51 | [=]=114 |
 ***From file, lines: 115, characters type replaced: 3
----------------------------------------------------------------------------------------------------
 - > Thu Oct  6 07:29:01 PM EEST 2022
 *To be replaced:  / | = |
 **Characters that were converted:  [/]=1 | [=]=1 |
 ***From file, lines: 20, characters type replaced: 2
----------------------------------------------------------------------------------------------------
 - > Thu Oct  6 07:32:39 PM EEST 2022
 *To be replaced:  / |
 **Characters that were converted:  [/]=2 |
 ***From file, lines: 20, characters type replaced: 1
----------------------------------------------------------------------------------------------------
 - > Thu Oct  6 07:35:08 PM EEST 2022
 *To be replaced:  + | - | . | / | : | < | = | ? |
 **Characters that were converted:  [+]=11 | [-]=1 | [.]=1 | [/]=8 | [:]=2 | [<]=1 | [=]=11 | [?]=1 |
 ***From file, lines: 19, characters type replaced: 8
----------------------------------------------------------------------------------------------------
 - > Wed Oct 12 06:03:33 PM EEST 2022
 *To be replaced:  + | / | = |
 **Characters that were converted:  [+]=57 | [/]=51 | [=]=114 |
 ***From file, lines: 115, characters type replaced: 3
----------------------------------------------------------------------------------------------------
 - > Wed Oct 12 06:04:42 PM EEST 2022
 *To be replaced: None
 **Characters that were converted: None
 ***From file, lines: 115, characters type replaced: None
----------------------------------------------------------------------------------------------------
 - > Wed Oct 12 06:05:10 PM EEST 2022
 *To be replaced: None
 **Characters that were converted: None
 ***From file, lines: 115, characters type replaced: None
----------------------------------------------------------------------------------------------------
 - > Wed Oct 12 06:05:35 PM EEST 2022
 *To be replaced: None
 **Characters that were converted: None
 ***From file, lines: 115, characters type replaced: None
----------------------------------------------------------------------------------------------------
 - > Wed Oct 12 06:05:58 PM EEST 2022
 *To be replaced: None
 **Characters that were converted: None
 ***From file, lines: 115, characters type replaced: None
----------------------------------------------------------------------------------------------------
 - > Wed Oct 12 06:06:21 PM EEST 2022
 *To be replaced: None
 **Characters that were converted: None
 ***From file, lines: 115, characters type replaced: None
----------------------------------------------------------------------------------------------------
 - > Wed Oct 12 06:06:46 PM EEST 2022
 *To be replaced: None
 **Characters that were converted: None
 ***From file, lines: 115, characters type replaced: None
----------------------------------------------------------------------------------------------------
 - > Thu Oct 13 12:20:52 AM EEST 2022
 *To be replaced:  * | + | , | - | . | / | : | ; | < | = | ? |
 **Characters that were converted:  [*]=47 | [+]=13 | [,]=21 | [-]=7 | [.]=3 | [/]=35 | [:]=7 | [;]=7 | [<]=11 | [=]=50 | [?]=7 |
 ***From file, lines: 233, characters type replaced: 11
----------------------------------------------------------------------------------------------------
 - > Thu Oct 13 12:21:45 AM EEST 2022
 *To be replaced:  * | + | , | - | . | / | : | ; | < | = | ? |
 **Characters that were converted:  [*]=2 | [+]=2 | [,]=2 | [-]=2 | [.]=2 | [/]=2 | [:]=2 | [;]=2 | [<]=2 | [=]=2 | [?]=2 |
 ***From file, lines: 238, characters type replaced: 11
----------------------------------------------------------------------------------------------------
 - > Thu Oct 13 12:22:15 AM EEST 2022
 *To be replaced:  * | + | , | - | . | / | : | ; | < | = | ? |
 **Characters that were converted:  [*]=2 | [+]=2 | [,]=2 | [-]=2 | [.]=2 | [/]=2 | [:]=2 | [;]=2 | [<]=2 | [=]=2 | [?]=2 |
 ***From file, lines: 243, characters type replaced: 11
----------------------------------------------------------------------------------------------------
 - > Thu Oct 13 12:22:44 AM EEST 2022
 *To be replaced:  * | + | , | - | . | / | : | ; | < | = | ? |
 **Characters that were converted:  [*]=2 | [+]=2 | [,]=2 | [-]=2 | [.]=2 | [/]=2 | [:]=2 | [;]=2 | [<]=2 | [=]=2 | [?]=2 |
 ***From file, lines: 248, characters type replaced: 11
----------------------------------------------------------------------------------------------------
 - > Thu Oct 13 12:23:13 AM EEST 2022
 *To be replaced:  * | + | , | - | . | / | : | ; | < | = | ? |
 **Characters that were converted:  [%2A]=2 | [%2B]=2 | [%2C]=2 | [%2D]=2 | [%2E]=2 | [%2F]=2 | [%3A]=2 | [%3B]=2 | [%3C]=2 | [%3D]=2 | [%3F]=2 |
 ***From file, lines: 253, characters type replaced: 11
----------------------------------------------------------------------------------------------------
